<?xml version="1.0" encoding="UTF-8"?>
<testng-results skipped="0" failed="0" total="1" passed="1">
  <reporter-output>
  </reporter-output>
  <suite name="Default suite" duration-ms="2044" started-at="2016-01-21T09:22:43Z" finished-at="2016-01-21T09:22:45Z">
    <groups>
    </groups>
    <test name="Default test" duration-ms="2044" started-at="2016-01-21T09:22:43Z" finished-at="2016-01-21T09:22:45Z">
      <class name="mobileTest.test123">
        <test-method status="PASS" signature="test()[pri:0, instance:mobileTest.test123@a52a72a]" name="test" duration-ms="2023" started-at="2016-01-21T17:22:43Z" finished-at="2016-01-21T17:22:45Z">
          <reporter-output>
          </reporter-output>
        </test-method> <!-- test -->
      </class> <!-- mobileTest.test123 -->
    </test> <!-- Default test -->
  </suite> <!-- Default suite -->
</testng-results>
