<?xml version="1.0" encoding="UTF-8"?>
<testng-results skipped="0" failed="0" total="2" passed="2">
  <reporter-output>
  </reporter-output>
  <suite name="Suite" duration-ms="199869" started-at="2016-06-06T05:29:53Z" finished-at="2016-06-06T05:33:13Z">
    <groups>
    </groups>
    <test name="MyTest" duration-ms="199869" started-at="2016-06-06T05:29:53Z" finished-at="2016-06-06T05:33:13Z">
      <class name="mobileTest.VerifyVersion">
        <test-method status="PASS" signature="setUp()[pri:0, instance:mobileTest.VerifyVersion@65c041ff]" name="setUp" is-config="true" duration-ms="1" started-at="2016-06-06T13:33:04Z" finished-at="2016-06-06T13:33:04Z">
          <reporter-output>
          </reporter-output>
        </test-method> <!-- setUp -->
        <test-method status="PASS" signature="verifyVersion()[pri:0, instance:mobileTest.VerifyVersion@65c041ff]" name="verifyVersion" duration-ms="9510" started-at="2016-06-06T13:33:04Z" finished-at="2016-06-06T13:33:13Z">
          <reporter-output>
          </reporter-output>
        </test-method> <!-- verifyVersion -->
        <test-method status="PASS" signature="someBaseTeardown()[pri:0, instance:mobileTest.VerifyVersion@65c041ff]" name="someBaseTeardown" is-config="true" duration-ms="0" started-at="2016-06-06T13:33:13Z" finished-at="2016-06-06T13:33:13Z">
          <reporter-output>
          </reporter-output>
        </test-method> <!-- someBaseTeardown -->
      </class> <!-- mobileTest.VerifyVersion -->
      <class name="mobileTest.AppiumTest">
        <test-method status="PASS" signature="setUp()[pri:0, instance:mobileTest.AppiumTest@5632af89]" name="setUp" is-config="true" duration-ms="132173" started-at="2016-06-06T13:29:53Z" finished-at="2016-06-06T13:32:06Z">
          <reporter-output>
          </reporter-output>
        </test-method> <!-- setUp -->
        <test-method status="PASS" signature="signIn()[pri:0, instance:mobileTest.AppiumTest@5632af89]" name="signIn" duration-ms="58161" started-at="2016-06-06T13:32:06Z" finished-at="2016-06-06T13:33:04Z">
          <reporter-output>
          </reporter-output>
        </test-method> <!-- signIn -->
        <test-method status="PASS" signature="someBaseTeardown()[pri:0, instance:mobileTest.AppiumTest@5632af89]" name="someBaseTeardown" is-config="true" duration-ms="0" started-at="2016-06-06T13:33:04Z" finished-at="2016-06-06T13:33:04Z">
          <reporter-output>
          </reporter-output>
        </test-method> <!-- someBaseTeardown -->
      </class> <!-- mobileTest.AppiumTest -->
    </test> <!-- MyTest -->
  </suite> <!-- Suite -->
</testng-results>
